This file contains any messages produced by compilers while
running configure, to aid debugging if configure makes a mistake.

It was created by fuse-tutorial configure 2018-02-04, which was
generated by GNU Autoconf 2.69.  Invocation command line was

  $ ./configure 

## --------- ##
## Platform. ##
## --------- ##

hostname = lofyerdeMacBook-Pro.local
uname -m = x86_64
uname -r = 19.6.0
uname -s = Darwin
uname -v = Darwin Kernel Version 19.6.0: Thu Jun 18 20:49:00 PDT 2020; root:xnu-6153.141.1~1/RELEASE_X86_64

/usr/bin/uname -p = i386
/bin/uname -X     = unknown

/bin/arch              = unknown
/usr/bin/arch -k       = unknown
/usr/convex/getsysinfo = unknown
/usr/bin/hostinfo      = Mach kernel version:
	 Darwin Kernel Version 19.6.0: Thu Jun 18 20:49:00 PDT 2020; root:xnu-6153.141.1~1/RELEASE_X86_64
Kernel configured for up to 16 processors.
8 processors are physically available.
16 processors are logically available.
Processor type: x86_64h (Intel x86-64h Haswell)
Processors active: 0 1 2 3 4 5 6 7 8 9 10 11 12 13 14 15
Primary memory available: 16.00 gigabytes
Default processor set: 526 tasks, 2635 threads, 16 processors
Load average: 1.75, Mach factor: 14.24
/bin/machine           = unknown
/usr/bin/oslevel       = unknown
/bin/universe          = unknown

PATH: /Users/lofyer/my_git/ssh-tui
PATH: /usr/local/sbin
PATH: /usr/local/bin
PATH: /usr/bin
PATH: /bin
PATH: /usr/sbin
PATH: /sbin
PATH: /Applications/VMware Fusion.app/Contents/Public
PATH: /opt/X11/bin
PATH: /Library/Apple/usr/bin


## ----------- ##
## Core tests. ##
## ----------- ##

configure:2382: checking for a BSD-compatible install
configure:2450: result: /usr/bin/install -c
configure:2461: checking whether build environment is sane
configure:2516: result: yes
configure:2667: checking for a thread-safe mkdir -p
configure:2706: result: ./install-sh -c -d
configure:2713: checking for gawk
configure:2729: found /usr/local/bin/gawk
configure:2740: result: gawk
configure:2751: checking whether make sets $(MAKE)
configure:2773: result: yes
configure:2802: checking whether make supports nested variables
configure:2819: result: yes
configure:2998: checking for gcc
configure:3014: found /usr/bin/gcc
configure:3025: result: gcc
configure:3254: checking for C compiler version
configure:3263: gcc --version >&5
Apple clang version 11.0.3 (clang-1103.0.32.29)
Target: x86_64-apple-darwin19.6.0
Thread model: posix
InstalledDir: /Library/Developer/CommandLineTools/usr/bin
Configured with: --prefix=/Library/Developer/CommandLineTools/usr --with-gxx-include-dir=/Library/Developer/CommandLineTools/SDKs/MacOSX.sdk/usr/include/c++/4.2.1
configure:3274: $? = 0
configure:3263: gcc -v >&5
Configured with: --prefix=/Library/Developer/CommandLineTools/usr --with-gxx-include-dir=/Library/Developer/CommandLineTools/SDKs/MacOSX.sdk/usr/include/c++/4.2.1
Apple clang version 11.0.3 (clang-1103.0.32.29)
Target: x86_64-apple-darwin19.6.0
Thread model: posix
InstalledDir: /Library/Developer/CommandLineTools/usr/bin
configure:3274: $? = 0
configure:3263: gcc -V >&5
clang: error: unsupported option '-V -Wno-objc-signed-char-bool-implicit-int-conversion'
clang: error: no input files
configure:3274: $? = 1
configure:3263: gcc -qversion >&5
clang: error: unknown argument '-qversion'; did you mean '--version'?
clang: error: no input files
configure:3274: $? = 1
configure:3294: checking whether the C compiler works
configure:3316: gcc    conftest.c  >&5
configure:3320: $? = 0
configure:3368: result: yes
configure:3371: checking for C compiler default output file name
configure:3373: result: a.out
configure:3379: checking for suffix of executables
configure:3386: gcc -o conftest    conftest.c  >&5
configure:3390: $? = 0
configure:3412: result: 
configure:3434: checking whether we are cross compiling
configure:3442: gcc -o conftest    conftest.c  >&5
configure:3446: $? = 0
configure:3453: ./conftest
configure:3457: $? = 0
configure:3472: result: no
configure:3477: checking for suffix of object files
configure:3499: gcc -c   conftest.c >&5
configure:3503: $? = 0
configure:3524: result: o
configure:3528: checking whether we are using the GNU C compiler
configure:3547: gcc -c   conftest.c >&5
configure:3547: $? = 0
configure:3556: result: yes
configure:3565: checking whether gcc accepts -g
configure:3585: gcc -c -g  conftest.c >&5
configure:3585: $? = 0
configure:3626: result: yes
configure:3643: checking for gcc option to accept ISO C89
configure:3706: gcc  -c -g -O2  conftest.c >&5
configure:3706: $? = 0
configure:3719: result: none needed
configure:3744: checking whether gcc understands -c and -o together
configure:3766: gcc -c conftest.c -o conftest2.o
configure:3769: $? = 0
configure:3766: gcc -c conftest.c -o conftest2.o
configure:3769: $? = 0
configure:3781: result: yes
configure:3809: checking for style of include used by make
configure:3837: result: GNU
configure:3863: checking dependency style of gcc
configure:3974: result: gcc3
configure:3997: checking how to run the C preprocessor
configure:4028: gcc -E  conftest.c
configure:4028: $? = 0
configure:4042: gcc -E  conftest.c
conftest.c:11:10: fatal error: 'ac_nonexistent.h' file not found
#include <ac_nonexistent.h>
         ^~~~~~~~~~~~~~~~~~
1 error generated.
configure:4042: $? = 1
configure: failed program was:
| /* confdefs.h */
| #define PACKAGE_NAME "fuse-tutorial"
| #define PACKAGE_TARNAME "fuse-tutorial"
| #define PACKAGE_VERSION "2018-02-04"
| #define PACKAGE_STRING "fuse-tutorial 2018-02-04"
| #define PACKAGE_BUGREPORT "joseph@pfeifferfamily.net"
| #define PACKAGE_URL ""
| #define PACKAGE "fuse-tutorial"
| #define VERSION "2018-02-04"
| /* end confdefs.h.  */
| #include <ac_nonexistent.h>
configure:4067: result: gcc -E
configure:4087: gcc -E  conftest.c
configure:4087: $? = 0
configure:4101: gcc -E  conftest.c
conftest.c:11:10: fatal error: 'ac_nonexistent.h' file not found
#include <ac_nonexistent.h>
         ^~~~~~~~~~~~~~~~~~
1 error generated.
configure:4101: $? = 1
configure: failed program was:
| /* confdefs.h */
| #define PACKAGE_NAME "fuse-tutorial"
| #define PACKAGE_TARNAME "fuse-tutorial"
| #define PACKAGE_VERSION "2018-02-04"
| #define PACKAGE_STRING "fuse-tutorial 2018-02-04"
| #define PACKAGE_BUGREPORT "joseph@pfeifferfamily.net"
| #define PACKAGE_URL ""
| #define PACKAGE "fuse-tutorial"
| #define VERSION "2018-02-04"
| /* end confdefs.h.  */
| #include <ac_nonexistent.h>
configure:4130: checking for grep that handles long lines and -e
configure:4188: result: /usr/bin/grep
configure:4193: checking for egrep
configure:4255: result: /usr/bin/grep -E
configure:4260: checking for ANSI C header files
configure:4280: gcc -c -g -O2  conftest.c >&5
configure:4280: $? = 0
configure:4353: gcc -o conftest -g -O2   conftest.c  >&5
configure:4353: $? = 0
configure:4353: ./conftest
configure:4353: $? = 0
configure:4364: result: yes
configure:4377: checking for sys/types.h
configure:4377: gcc -c -g -O2  conftest.c >&5
configure:4377: $? = 0
configure:4377: result: yes
configure:4377: checking for sys/stat.h
configure:4377: gcc -c -g -O2  conftest.c >&5
configure:4377: $? = 0
configure:4377: result: yes
configure:4377: checking for stdlib.h
configure:4377: gcc -c -g -O2  conftest.c >&5
configure:4377: $? = 0
configure:4377: result: yes
configure:4377: checking for string.h
configure:4377: gcc -c -g -O2  conftest.c >&5
configure:4377: $? = 0
configure:4377: result: yes
configure:4377: checking for memory.h
configure:4377: gcc -c -g -O2  conftest.c >&5
configure:4377: $? = 0
configure:4377: result: yes
configure:4377: checking for strings.h
configure:4377: gcc -c -g -O2  conftest.c >&5
configure:4377: $? = 0
configure:4377: result: yes
configure:4377: checking for inttypes.h
configure:4377: gcc -c -g -O2  conftest.c >&5
configure:4377: $? = 0
configure:4377: result: yes
configure:4377: checking for stdint.h
configure:4377: gcc -c -g -O2  conftest.c >&5
configure:4377: $? = 0
configure:4377: result: yes
configure:4377: checking for unistd.h
configure:4377: gcc -c -g -O2  conftest.c >&5
configure:4377: $? = 0
configure:4377: result: yes
configure:4392: checking fcntl.h usability
configure:4392: gcc -c -g -O2  conftest.c >&5
configure:4392: $? = 0
configure:4392: result: yes
configure:4392: checking fcntl.h presence
configure:4392: gcc -E  conftest.c
configure:4392: $? = 0
configure:4392: result: yes
configure:4392: checking for fcntl.h
configure:4392: result: yes
configure:4392: checking limits.h usability
configure:4392: gcc -c -g -O2  conftest.c >&5
configure:4392: $? = 0
configure:4392: result: yes
configure:4392: checking limits.h presence
configure:4392: gcc -E  conftest.c
configure:4392: $? = 0
configure:4392: result: yes
configure:4392: checking for limits.h
configure:4392: result: yes
configure:4392: checking for stdlib.h
configure:4392: result: yes
configure:4392: checking for string.h
configure:4392: result: yes
configure:4392: checking sys/statvfs.h usability
configure:4392: gcc -c -g -O2  conftest.c >&5
configure:4392: $? = 0
configure:4392: result: yes
configure:4392: checking sys/statvfs.h presence
configure:4392: gcc -E  conftest.c
configure:4392: $? = 0
configure:4392: result: yes
configure:4392: checking for sys/statvfs.h
configure:4392: result: yes
configure:4392: checking for unistd.h
configure:4392: result: yes
configure:4392: checking utime.h usability
configure:4392: gcc -c -g -O2  conftest.c >&5
configure:4392: $? = 0
configure:4392: result: yes
configure:4392: checking utime.h presence
configure:4392: gcc -E  conftest.c
configure:4392: $? = 0
configure:4392: result: yes
configure:4392: checking for utime.h
configure:4392: result: yes
configure:4392: checking sys/xattr.h usability
configure:4392: gcc -c -g -O2  conftest.c >&5
configure:4392: $? = 0
configure:4392: result: yes
configure:4392: checking sys/xattr.h presence
configure:4392: gcc -E  conftest.c
configure:4392: $? = 0
configure:4392: result: yes
configure:4392: checking for sys/xattr.h
configure:4392: result: yes
configure:4458: checking for pkg-config
configure:4476: found /usr/local/bin/pkg-config
configure:4488: result: /usr/local/bin/pkg-config
configure:4513: checking pkg-config is at least version 0.9.0
configure:4516: result: yes
configure:4526: checking for FUSE
configure:4533: $PKG_CONFIG --exists --print-errors "fuse"
Package fuse was not found in the pkg-config search path.
Perhaps you should add the directory containing `fuse.pc'
to the PKG_CONFIG_PATH environment variable
No package 'fuse' found
configure:4536: $? = 1
configure:4550: $PKG_CONFIG --exists --print-errors "fuse"
Package fuse was not found in the pkg-config search path.
Perhaps you should add the directory containing `fuse.pc'
to the PKG_CONFIG_PATH environment variable
No package 'fuse' found
configure:4553: $? = 1
configure:4567: result: no
No package 'fuse' found
configure:4583: error: Package requirements (fuse) were not met:

No package 'fuse' found

Consider adjusting the PKG_CONFIG_PATH environment variable if you
installed software in a non-standard prefix.

Alternatively, you may set the environment variables FUSE_CFLAGS
and FUSE_LIBS to avoid the need to call pkg-config.
See the pkg-config man page for more details.

## ---------------- ##
## Cache variables. ##
## ---------------- ##

ac_cv_c_compiler_gnu=yes
ac_cv_env_CC_set=
ac_cv_env_CC_value=
ac_cv_env_CFLAGS_set=
ac_cv_env_CFLAGS_value=
ac_cv_env_CPPFLAGS_set=
ac_cv_env_CPPFLAGS_value=
ac_cv_env_CPP_set=
ac_cv_env_CPP_value=
ac_cv_env_FUSE_CFLAGS_set=
ac_cv_env_FUSE_CFLAGS_value=
ac_cv_env_FUSE_LIBS_set=
ac_cv_env_FUSE_LIBS_value=
ac_cv_env_LDFLAGS_set=
ac_cv_env_LDFLAGS_value=
ac_cv_env_LIBS_set=
ac_cv_env_LIBS_value=
ac_cv_env_PKG_CONFIG_LIBDIR_set=
ac_cv_env_PKG_CONFIG_LIBDIR_value=
ac_cv_env_PKG_CONFIG_PATH_set=
ac_cv_env_PKG_CONFIG_PATH_value=
ac_cv_env_PKG_CONFIG_set=
ac_cv_env_PKG_CONFIG_value=
ac_cv_env_build_alias_set=
ac_cv_env_build_alias_value=
ac_cv_env_host_alias_set=
ac_cv_env_host_alias_value=
ac_cv_env_target_alias_set=
ac_cv_env_target_alias_value=
ac_cv_header_fcntl_h=yes
ac_cv_header_inttypes_h=yes
ac_cv_header_limits_h=yes
ac_cv_header_memory_h=yes
ac_cv_header_stdc=yes
ac_cv_header_stdint_h=yes
ac_cv_header_stdlib_h=yes
ac_cv_header_string_h=yes
ac_cv_header_strings_h=yes
ac_cv_header_sys_stat_h=yes
ac_cv_header_sys_statvfs_h=yes
ac_cv_header_sys_types_h=yes
ac_cv_header_sys_xattr_h=yes
ac_cv_header_unistd_h=yes
ac_cv_header_utime_h=yes
ac_cv_objext=o
ac_cv_path_EGREP='/usr/bin/grep -E'
ac_cv_path_GREP=/usr/bin/grep
ac_cv_path_ac_pt_PKG_CONFIG=/usr/local/bin/pkg-config
ac_cv_path_install='/usr/bin/install -c'
ac_cv_prog_AWK=gawk
ac_cv_prog_CPP='gcc -E'
ac_cv_prog_ac_ct_CC=gcc
ac_cv_prog_cc_c89=
ac_cv_prog_cc_g=yes
ac_cv_prog_make_make_set=yes
am_cv_CC_dependencies_compiler_type=gcc3
am_cv_make_support_nested_variables=yes
am_cv_prog_cc_c_o=yes

## ----------------- ##
## Output variables. ##
## ----------------- ##

ACLOCAL='${SHELL} /Users/lofyer/my_git/scripts/dingdingpan-fuse/missing aclocal-1.15'
AMDEPBACKSLASH='\'
AMDEP_FALSE='#'
AMDEP_TRUE=''
AMTAR='$${TAR-tar}'
AM_BACKSLASH='\'
AM_DEFAULT_V='$(AM_DEFAULT_VERBOSITY)'
AM_DEFAULT_VERBOSITY='1'
AM_V='$(V)'
AUTOCONF='${SHELL} /Users/lofyer/my_git/scripts/dingdingpan-fuse/missing autoconf'
AUTOHEADER='${SHELL} /Users/lofyer/my_git/scripts/dingdingpan-fuse/missing autoheader'
AUTOMAKE='${SHELL} /Users/lofyer/my_git/scripts/dingdingpan-fuse/missing automake-1.15'
AWK='gawk'
CC='gcc'
CCDEPMODE='depmode=gcc3'
CFLAGS='-g -O2'
CPP='gcc -E'
CPPFLAGS=''
CYGPATH_W='echo'
DEFS=''
DEPDIR='.deps'
ECHO_C='\c'
ECHO_N=''
ECHO_T=''
EGREP='/usr/bin/grep -E'
EXEEXT=''
FUSE_CFLAGS=''
FUSE_LIBS=''
GREP='/usr/bin/grep'
INSTALL_DATA='${INSTALL} -m 644'
INSTALL_PROGRAM='${INSTALL}'
INSTALL_SCRIPT='${INSTALL}'
INSTALL_STRIP_PROGRAM='$(install_sh) -c -s'
LDFLAGS=''
LIBOBJS=''
LIBS=''
LTLIBOBJS=''
MAKEINFO='${SHELL} /Users/lofyer/my_git/scripts/dingdingpan-fuse/missing makeinfo'
MKDIR_P='./install-sh -c -d'
OBJEXT='o'
PACKAGE='fuse-tutorial'
PACKAGE_BUGREPORT='joseph@pfeifferfamily.net'
PACKAGE_NAME='fuse-tutorial'
PACKAGE_STRING='fuse-tutorial 2018-02-04'
PACKAGE_TARNAME='fuse-tutorial'
PACKAGE_URL=''
PACKAGE_VERSION='2018-02-04'
PATH_SEPARATOR=':'
PKG_CONFIG='/usr/local/bin/pkg-config'
PKG_CONFIG_LIBDIR=''
PKG_CONFIG_PATH=''
SET_MAKE=''
SHELL='/bin/sh'
STRIP=''
VERSION='2018-02-04'
ac_ct_CC='gcc'
am__EXEEXT_FALSE=''
am__EXEEXT_TRUE=''
am__fastdepCC_FALSE='#'
am__fastdepCC_TRUE=''
am__include='include'
am__isrc=''
am__leading_dot='.'
am__nodep='_no'
am__quote=''
am__tar='$${TAR-tar} chof - "$$tardir"'
am__untar='$${TAR-tar} xf -'
bindir='${exec_prefix}/bin'
build_alias=''
datadir='${datarootdir}'
datarootdir='${prefix}/share'
docdir='${datarootdir}/doc/${PACKAGE_TARNAME}'
dvidir='${docdir}'
exec_prefix='NONE'
host_alias=''
htmldir='${docdir}'
includedir='${prefix}/include'
infodir='${datarootdir}/info'
install_sh='${SHELL} /Users/lofyer/my_git/scripts/dingdingpan-fuse/install-sh'
libdir='${exec_prefix}/lib'
libexecdir='${exec_prefix}/libexec'
localedir='${datarootdir}/locale'
localstatedir='${prefix}/var'
mandir='${datarootdir}/man'
mkdir_p='$(MKDIR_P)'
oldincludedir='/usr/include'
pdfdir='${docdir}'
prefix='NONE'
program_transform_name='s,x,x,'
psdir='${docdir}'
runstatedir='${localstatedir}/run'
sbindir='${exec_prefix}/sbin'
sharedstatedir='${prefix}/com'
sysconfdir='${prefix}/etc'
target_alias=''

## ----------- ##
## confdefs.h. ##
## ----------- ##

/* confdefs.h */
#define PACKAGE_NAME "fuse-tutorial"
#define PACKAGE_TARNAME "fuse-tutorial"
#define PACKAGE_VERSION "2018-02-04"
#define PACKAGE_STRING "fuse-tutorial 2018-02-04"
#define PACKAGE_BUGREPORT "joseph@pfeifferfamily.net"
#define PACKAGE_URL ""
#define PACKAGE "fuse-tutorial"
#define VERSION "2018-02-04"
#define STDC_HEADERS 1
#define HAVE_SYS_TYPES_H 1
#define HAVE_SYS_STAT_H 1
#define HAVE_STDLIB_H 1
#define HAVE_STRING_H 1
#define HAVE_MEMORY_H 1
#define HAVE_STRINGS_H 1
#define HAVE_INTTYPES_H 1
#define HAVE_STDINT_H 1
#define HAVE_UNISTD_H 1
#define HAVE_FCNTL_H 1
#define HAVE_LIMITS_H 1
#define HAVE_STDLIB_H 1
#define HAVE_STRING_H 1
#define HAVE_SYS_STATVFS_H 1
#define HAVE_UNISTD_H 1
#define HAVE_UTIME_H 1
#define HAVE_SYS_XATTR_H 1

configure: exit 1
